a: 1 b: 0 c: 0 d: 0
e: 1 f: 0 g: 0 h: 1
e: 1 f: 0 g: 1 h: 0
e: 1 f: 1 g: 1 h: 1
e: 0 f: 0 g: 0 h: 0
5
a: 3 b: 2 c: 1 d: 0
e: 1 f: 1 g: 1 h: 3
e: 0 f: 0 g: 2 h: 2
e: 0 f: 2 g: 0 h: 2
e: 2 f: 2 g: 2 h: 2
e: 0 f: 0 g: 0 h: 0
6
a: 3 b: 1 c: 0 d: 0
e: 2 f: 1 g: 0 h: 3
e: 1 f: 1 g: 3 h: 1
e: 0 f: 2 g: 2 h: 0
e: 2 f: 0 g: 2 h: 0
e: 2 f: 2 g: 2 h: 2
e: 0 f: 0 g: 0 h: 0
7
a: 4 b: 2 c: 1 d: 0
e: 2 f: 1 g: 1 h: 4
e: 1 f: 0 g: 3 h: 2
e: 1 f: 3 g: 1 h: 1
e: 2 f: 2 g: 0 h: 0
e: 0 f: 2 g: 0 h: 2
e: 2 f: 2 g: 2 h: 2
e: 0 f: 0 g: 0 h: 0
8
a: 9 b: 4 c: 1 d: 0
e: 5 f: 3 g: 1 h: 9
e: 2 f: 2 g: 8 h: 4
e: 0 f: 6 g: 4 h: 2
e: 6 f: 2 g: 2 h: 2
e: 4 f: 0 g: 0 h: 4
e: 4 f: 0 g: 4 h: 0
e: 4 f: 4 g: 4 h: 4
e: 0 f: 0 g: 0 h: 0
9
a: 11 b: 5 c: 2 d: 0
e: 6 f: 3 g: 2 h: 11
e: 3 f: 1 g: 9 h: 5
e: 2 f: 8 g: 4 h: 2
e: 6 f: 4 g: 2 h: 0
e: 2 f: 2 g: 2 h: 6
e: 0 f: 0 g: 4 h: 4
e: 0 f: 4 g: 0 h: 4
e: 4 f: 4 g: 4 h: 4
e: 0 f: 0 g: 0 h: 0
10
a: 13 b: 6 c: 2 d: 0
e: 7 f: 4 g: 2 h: 13
e: 3 f: 2 g: 11 h: 6
e: 1 f: 9 g: 5 h: 3
e: 8 f: 4 g: 2 h: 2
e: 4 f: 2 g: 0 h: 6
e: 2 f: 2 g: 6 h: 2
e: 0 f: 4 g: 4 h: 0
e: 4 f: 0 g: 4 h: 0
e: 4 f: 4 g: 4 h: 4
e: 0 f: 0 g: 0 h: 0
11
a: 31 b: 14 c: 5 d: 0
e: 17 f: 9 g: 5 h: 31
e: 8 f: 4 g: 26 h: 14
e: 4 f: 22 g: 12 h: 6
e: 18 f: 10 g: 6 h: 2
e: 8 f: 4 g: 4 h: 16
e: 4 f: 0 g: 12 h: 8
e: 4 f: 12 g: 4 h: 4
e: 8 f: 8 g: 0 h: 0
e: 0 f: 8 g: 0 h: 8
e: 8 f: 8 g: 8 h: 8
e: 0 f: 0 g: 0 h: 0
12
a: 37 b: 17 c: 6 d: 0
e: 20 f: 11 g: 6 h: 37
e: 9 f: 5 g: 31 h: 17
e: 4 f: 26 g: 14 h: 8
e: 22 f: 12 g: 6 h: 4
e: 10 f: 6 g: 2 h: 18
e: 4 f: 4 g: 16 h: 8
e: 0 f: 12 g: 8 h: 4
e: 12 f: 4 g: 4 h: 4
e: 8 f: 0 g: 0 h: 8
e: 8 f: 0 g: 8 h: 0
e: 8 f: 8 g: 8 h: 8
e: 0 f: 0 g: 0 h: 0
13
a: 44 b: 20 c: 7 d: 0
e: 24 f: 13 g: 7 h: 44
e: 11 f: 6 g: 37 h: 20
e: 5 f: 31 g: 17 h: 9
e: 26 f: 14 g: 8 h: 4
e: 12 f: 6 g: 4 h: 22
e: 6 f: 2 g: 18 h: 10
e: 4 f: 16 g: 8 h: 4
e: 12 f: 8 g: 4 h: 0
e: 4 f: 4 g: 4 h: 12
e: 0 f: 0 g: 8 h: 8
e: 0 f: 8 g: 0 h: 8
e: 8 f: 8 g: 8 h: 8
e: 0 f: 0 g: 0 h: 0
14
a: 105 b: 48 c: 17 d: 0
e: 57 f: 31 g: 17 h: 105
e: 26 f: 14 g: 88 h: 48
e: 12 f: 74 g: 40 h: 22
e: 62 f: 34 g: 18 h: 10
e: 28 f: 16 g: 8 h: 52
e: 12 f: 8 g: 44 h: 24
e: 4 f: 36 g: 20 h: 12
e: 32 f: 16 g: 8 h: 8
e: 16 f: 8 g: 0 h: 24
e: 8 f: 8 g: 24 h: 8
e: 0 f: 16 g: 16 h: 0
e: 16 f: 0 g: 16 h: 0
e: 16 f: 16 g: 16 h: 16
e: 0 f: 0 g: 0 h: 0
15
a: 125 b: 57 c: 20 d: 0
e: 68 f: 37 g: 20 h: 125
e: 31 f: 17 g: 105 h: 57
e: 14 f: 88 g: 48 h: 26
e: 74 f: 40 g: 22 h: 12
e: 34 f: 18 g: 10 h: 62
e: 16 f: 8 g: 52 h: 28
e: 8 f: 44 g: 24 h: 12
e: 36 f: 20 g: 12 h: 4
e: 16 f: 8 g: 8 h: 32
e: 8 f: 0 g: 24 h: 16
e: 8 f: 24 g: 8 h: 8
e: 16 f: 16 g: 0 h: 0
e: 0 f: 16 g: 0 h: 16
e: 16 f: 16 g: 16 h: 16
e: 0 f: 0 g: 0 h: 0
16
a: 149 b: 68 c: 24 d: 0
e: 81 f: 44 g: 24 h: 149
e: 37 f: 20 g: 125 h: 68
e: 17 f: 105 g: 57 h: 31
e: 88 f: 48 g: 26 h: 14
e: 40 f: 22 g: 12 h: 74
e: 18 f: 10 g: 62 h: 34
e: 8 f: 52 g: 28 h: 16
e: 44 f: 24 g: 12 h: 8
e: 20 f: 12 g: 4 h: 36
e: 8 f: 8 g: 32 h: 16
e: 0 f: 24 g: 16 h: 8
e: 24 f: 8 g: 8 h: 8
e: 16 f: 0 g: 0 h: 16
e: 16 f: 0 g: 16 h: 0
e: 16 f: 16 g: 16 h: 16
e: 0 f: 0 g: 0 h: 0
17
a: 355 b: 162 c: 57 d: 0
e: 193 f: 105 g: 57 h: 355
e: 88 f: 48 g: 298 h: 162
e: 40 f: 250 g: 136 h: 74
e: 210 f: 114 g: 62 h: 34
e: 96 f: 52 g: 28 h: 176
e: 44 f: 24 g: 148 h: 80
e: 20 f: 124 g: 68 h: 36
e: 104 f: 56 g: 32 h: 16
e: 48 f: 24 g: 16 h: 88
e: 24 f: 8 g: 72 h: 40
e: 16 f: 64 g: 32 h: 16
e: 48 f: 32 g: 16 h: 0
e: 16 f: 16 g: 16 h: 48
e: 0 f: 0 g: 32 h: 32
e: 0 f: 32 g: 0 h: 32
e: 32 f: 32 g: 32 h: 32
e: 0 f: 0 g: 0 h: 0
18
a: 423 b: 193 c: 68 d: 0
e: 230 f: 125 g: 68 h: 423
e: 105 f: 57 g: 355 h: 193
e: 48 f: 298 g: 162 h: 88
e: 250 f: 136 g: 74 h: 40
e: 114 f: 62 g: 34 h: 210
e: 52 f: 28 g: 176 h: 96
e: 24 f: 148 g: 80 h: 44
e: 124 f: 68 g: 36 h: 20
e: 56 f: 32 g: 16 h: 104
e: 24 f: 16 g: 88 h: 48
e: 8 f: 72 g: 40 h: 24
e: 64 f: 32 g: 16 h: 16
e: 32 f: 16 g: 0 h: 48
e: 16 f: 16 g: 48 h: 16
e: 0 f: 32 g: 32 h: 0
e: 32 f: 0 g: 32 h: 0
e: 32 f: 32 g: 32 h: 32
e: 0 f: 0 g: 0 h: 0
19
a: 504 b: 230 c: 81 d: 0
e: 274 f: 149 g: 81 h: 504
e: 125 f: 68 g: 423 h: 230
e: 57 f: 355 g: 193 h: 105
e: 298 f: 162 g: 88 h: 48
e: 136 f: 74 g: 40 h: 250
e: 62 f: 34 g: 210 h: 114
e: 28 f: 176 g: 96 h: 52
e: 148 f: 80 g: 44 h: 24
e: 68 f: 36 g: 20 h: 124
e: 32 f: 16 g: 104 h: 56
e: 16 f: 88 g: 48 h: 24
e: 72 f: 40 g: 24 h: 8
e: 32 f: 16 g: 16 h: 64
e: 16 f: 0 g: 48 h: 32
e: 16 f: 48 g: 16 h: 16
e: 32 f: 32 g: 0 h: 0
e: 0 f: 32 g: 0 h: 32
e: 32 f: 32 g: 32 h: 32
e: 0 f: 0 g: 0 h: 0
20
a: 1201 b: 548 c: 193 d: 0
e: 653 f: 355 g: 193 h: 1201
e: 298 f: 162 g: 1008 h: 548
e: 136 f: 846 g: 460 h: 250
e: 710 f: 386 g: 210 h: 114
e: 324 f: 176 g: 96 h: 596
e: 148 f: 80 g: 500 h: 272
e: 68 f: 420 g: 228 h: 124
e: 352 f: 192 g: 104 h: 56
e: 160 f: 88 g: 48 h: 296
e: 72 f: 40 g: 248 h: 136
e: 32 f: 208 g: 112 h: 64
e: 176 f: 96 g: 48 h: 32
e: 80 f: 48 g: 16 h: 144
e: 32 f: 32 g: 128 h: 64
e: 0 f: 96 g: 64 h: 32
e: 96 f: 32 g: 32 h: 32
e: 64 f: 0 g: 0 h: 64
e: 64 f: 0 g: 64 h: 0
e: 64 f: 64 g: 64 h: 64
e: 0 f: 0 g: 0 h: 0
21
a: 1431 b: 653 c: 230 d: 0
e: 778 f: 423 g: 230 h: 1431
e: 355 f: 193 g: 1201 h: 653
e: 162 f: 1008 g: 548 h: 298
e: 846 f: 460 g: 250 h: 136
e: 386 f: 210 g: 114 h: 710
e: 176 f: 96 g: 596 h: 324
e: 80 f: 500 g: 272 h: 148
e: 420 f: 228 g: 124 h: 68
e: 192 f: 104 g: 56 h: 352
e: 88 f: 48 g: 296 h: 160
e: 40 f: 248 g: 136 h: 72
e: 208 f: 112 g: 64 h: 32
e: 96 f: 48 g: 32 h: 176
e: 48 f: 16 g: 144 h: 80
e: 32 f: 128 g: 64 h: 32
e: 96 f: 64 g: 32 h: 0
e: 32 f: 32 g: 32 h: 96
e: 0 f: 0 g: 64 h: 64
e: 0 f: 64 g: 0 h: 64
e: 64 f: 64 g: 64 h: 64
e: 0 f: 0 g: 0 h: 0
22
a: 1705 b: 778 c: 274 d: 0
e: 927 f: 504 g: 274 h: 1705
e: 423 f: 230 g: 1431 h: 778
e: 193 f: 1201 g: 653 h: 355
e: 1008 f: 548 g: 298 h: 162
e: 460 f: 250 g: 136 h: 846
e: 210 f: 114 g: 710 h: 386
e: 96 f: 596 g: 324 h: 176
e: 500 f: 272 g: 148 h: 80
e: 228 f: 124 g: 68 h: 420
e: 104 f: 56 g: 352 h: 192
e: 48 f: 296 g: 160 h: 88
e: 248 f: 136 g: 72 h: 40
e: 112 f: 64 g: 32 h: 208
e: 48 f: 32 g: 176 h: 96
e: 16 f: 144 g: 80 h: 48
e: 128 f: 64 g: 32 h: 32
e: 64 f: 32 g: 0 h: 96
e: 32 f: 32 g: 96 h: 32
e: 0 f: 64 g: 64 h: 0
e: 64 f: 0 g: 64 h: 0
e: 64 f: 64 g: 64 h: 64
e: 0 f: 0 g: 0 h: 0
23
a: 4063 b: 1854 c: 653 d: 0
e: 2209 f: 1201 g: 653 h: 4063
e: 1008 f: 548 g: 3410 h: 1854
e: 460 f: 2862 g: 1556 h: 846
e: 2402 f: 1306 g: 710 h: 386
e: 1096 f: 596 g: 324 h: 2016
e: 500 f: 272 g: 1692 h: 920
e: 228 f: 1420 g: 772 h: 420
e: 1192 f: 648 g: 352 h: 192
e: 544 f: 296 g: 160 h: 1000
e: 248 f: 136 g: 840 h: 456
e: 112 f: 704 g: 384 h: 208
e: 592 f: 320 g: 176 h: 96
e: 272 f: 144 g: 80 h: 496
e: 128 f: 64 g: 416 h: 224
e: 64 f: 352 g: 192 h: 96
e: 288 f: 160 g: 96 h: 32
e: 128 f: 64 g: 64 h: 256
e: 64 f: 0 g: 192 h: 128
e: 64 f: 192 g: 64 h: 64
e: 128 f: 128 g: 0 h: 0
e: 0 f: 128 g: 0 h: 128
e: 128 f: 128 g: 128 h: 128
e: 0 f: 0 g: 0 h: 0
24
a: 4841 b: 2209 c: 778 d: 0
e: 2632 f: 1431 g: 778 h: 4841
e: 1201 f: 653 g: 4063 h: 2209
e: 548 f: 3410 g: 1854 h: 1008
e: 2862 f: 1556 g: 846 h: 460
e: 1306 f: 710 g: 386 h: 2402
e: 596 f: 324 g: 2016 h: 1096
e: 272 f: 1692 g: 920 h: 500
e: 1420 f: 772 g: 420 h: 228
e: 648 f: 352 g: 192 h: 1192
e: 296 f: 160 g: 1000 h: 544
e: 136 f: 840 g: 456 h: 248
e: 704 f: 384 g: 208 h: 112
e: 320 f: 176 g: 96 h: 592
e: 144 f: 80 g: 496 h: 272
e: 64 f: 416 g: 224 h: 128
e: 352 f: 192 g: 96 h: 64
e: 160 f: 96 g: 32 h: 288
e: 64 f: 64 g: 256 h: 128
e: 0 f: 192 g: 128 h: 64
e: 192 f: 64 g: 64 h: 64
e: 128 f: 0 g: 0 h: 128
e: 128 f: 0 g: 128 h: 0
e: 128 f: 128 g: 128 h: 128
e: 0 f: 0 g: 0 h: 0
25
a: 5768 b: 2632 c: 927 d: 0
e: 3136 f: 1705 g: 927 h: 5768
e: 1431 f: 778 g: 4841 h: 2632
e: 653 f: 4063 g: 2209 h: 1201
e: 3410 f: 1854 g: 1008 h: 548
e: 1556 f: 846 g: 460 h: 2862
e: 710 f: 386 g: 2402 h: 1306
e: 324 f: 2016 g: 1096 h: 596
e: 1692 f: 920 g: 500 h: 272
e: 772 f: 420 g: 228 h: 1420
e: 352 f: 192 g: 1192 h: 648
e: 160 f: 1000 g: 544 h: 296
e: 840 f: 456 g: 248 h: 136
e: 384 f: 208 g: 112 h: 704
e: 176 f: 96 g: 592 h: 320
e: 80 f: 496 g: 272 h: 144
e: 416 f: 224 g: 128 h: 64
e: 192 f: 96 g: 64 h: 352
e: 96 f: 32 g: 288 h: 160
e: 64 f: 256 g: 128 h: 64
e: 192 f: 128 g: 64 h: 0
e: 64 f: 64 g: 64 h: 192
e: 0 f: 0 g: 128 h: 128
e: 0 f: 128 g: 0 h: 128
e: 128 f: 128 g: 128 h: 128
e: 0 f: 0 g: 0 h: 0
26
a: 13745 b: 6272 c: 2209 d: 0
e: 7473 f: 4063 g: 2209 h: 13745
e: 3410 f: 1854 g: 11536 h: 6272
e: 1556 f: 9682 g: 5264 h: 2862
e: 8126 f: 4418 g: 2402 h: 1306
e: 3708 f: 2016 g: 1096 h: 6820
e: 1692 f: 920 g: 5724 h: 3112
e: 772 f: 4804 g: 2612 h: 1420
e: 4032 f: 2192 g: 1192 h: 648
e: 1840 f: 1000 g: 544 h: 3384
e: 840 f: 456 g: 2840 h: 1544
e: 384 f: 2384 g: 1296 h: 704
e: 2000 f: 1088 g: 592 h: 320
e: 912 f: 496 g: 272 h: 1680
e: 416 f: 224 g: 1408 h: 768
e: 192 f: 1184 g: 640 h: 352
e: 992 f: 544 g: 288 h: 160
e: 448 f: 256 g: 128 h: 832
e: 192 f: 128 g: 704 h: 384
e: 64 f: 576 g: 320 h: 192
e: 512 f: 256 g: 128 h: 128
e: 256 f: 128 g: 0 h: 384
e: 128 f: 128 g: 384 h: 128
e: 0 f: 256 g: 256 h: 0
e: 256 f: 0 g: 256 h: 0
e: 256 f: 256 g: 256 h: 256
e: 0 f: 0 g: 0 h: 0
27
a: 16377 b: 7473 c: 2632 d: 0
e: 8904 f: 4841 g: 2632 h: 16377
e: 4063 f: 2209 g: 13745 h: 7473
e: 1854 f: 11536 g: 6272 h: 3410
e: 9682 f: 5264 g: 2862 h: 1556
e: 4418 f: 2402 g: 1306 h: 8126
e: 2016 f: 1096 g: 6820 h: 3708
e: 920 f: 5724 g: 3112 h: 1692
e: 4804 f: 2612 g: 1420 h: 772
e: 2192 f: 1192 g: 648 h: 4032
e: 1000 f: 544 g: 3384 h: 1840
e: 456 f: 2840 g: 1544 h: 840
e: 2384 f: 1296 g: 704 h: 384
e: 1088 f: 592 g: 320 h: 2000
e: 496 f: 272 g: 1680 h: 912
e: 224 f: 1408 g: 768 h: 416
e: 1184 f: 640 g: 352 h: 192
e: 544 f: 288 g: 160 h: 992
e: 256 f: 128 g: 832 h: 448
e: 128 f: 704 g: 384 h: 192
e: 576 f: 320 g: 192 h: 64
e: 256 f: 128 g: 128 h: 512
e: 128 f: 0 g: 384 h: 256
e: 128 f: 384 g: 128 h: 128
e: 256 f: 256 g: 0 h: 0
e: 0 f: 256 g: 0 h: 256
e: 256 f: 256 g: 256 h: 256
e: 0 f: 0 g: 0 h: 0
28
a: 19513 b: 8904 c: 3136 d: 0
e: 10609 f: 5768 g: 3136 h: 19513
e: 4841 f: 2632 g: 16377 h: 8904
e: 2209 f: 13745 g: 7473 h: 4063
e: 11536 f: 6272 g: 3410 h: 1854
e: 5264 f: 2862 g: 1556 h: 9682
e: 2402 f: 1306 g: 8126 h: 4418
e: 1096 f: 6820 g: 3708 h: 2016
e: 5724 f: 3112 g: 1692 h: 920
e: 2612 f: 1420 g: 772 h: 4804
e: 1192 f: 648 g: 4032 h: 2192
e: 544 f: 3384 g: 1840 h: 1000
e: 2840 f: 1544 g: 840 h: 456
e: 1296 f: 704 g: 384 h: 2384
e: 592 f: 320 g: 2000 h: 1088
e: 272 f: 1680 g: 912 h: 496
e: 1408 f: 768 g: 416 h: 224
e: 640 f: 352 g: 192 h: 1184
e: 288 f: 160 g: 992 h: 544
e: 128 f: 832 g: 448 h: 256
e: 704 f: 384 g: 192 h: 128
e: 320 f: 192 g: 64 h: 576
e: 128 f: 128 g: 512 h: 256
e: 0 f: 384 g: 256 h: 128
e: 384 f: 128 g: 128 h: 128
e: 256 f: 0 g: 0 h: 256
e: 256 f: 0 g: 256 h: 0
e: 256 f: 256 g: 256 h: 256
e: 0 f: 0 g: 0 h: 0
29
a: 46499 b: 21218 c: 7473 d: 0
e: 25281 f: 13745 g: 7473 h: 46499
e: 11536 f: 6272 g: 39026 h: 21218
e: 5264 f: 32754 g: 17808 h: 9682
e: 27490 f: 14946 g: 8126 h: 4418
e: 12544 f: 6820 g: 3708 h: 23072
e: 5724 f: 3112 g: 19364 h: 10528
e: 2612 f: 16252 g: 8836 h: 4804
e: 13640 f: 7416 g: 4032 h: 2192
e: 6224 f: 3384 g: 1840 h: 11448
e: 2840 f: 1544 g: 9608 h: 5224
e: 1296 f: 8064 g: 4384 h: 2384
e: 6768 f: 3680 g: 2000 h: 1088
e: 3088 f: 1680 g: 912 h: 5680
e: 1408 f: 768 g: 4768 h: 2592
e: 640 f: 4000 g: 2176 h: 1184
e: 3360 f: 1824 g: 992 h: 544
e: 1536 f: 832 g: 448 h: 2816
e: 704 f: 384 g: 2368 h: 1280
e: 320 f: 1984 g: 1088 h: 576
e: 1664 f: 896 g: 512 h: 256
e: 768 f: 384 g: 256 h: 1408
e: 384 f: 128 g: 1152 h: 640
e: 256 f: 1024 g: 512 h: 256
e: 768 f: 512 g: 256 h: 0
e: 256 f: 256 g: 256 h: 768
e: 0 f: 0 g: 512 h: 512
e: 0 f: 512 g: 0 h: 512
e: 512 f: 512 g: 512 h: 512
e: 0 f: 0 g: 0 h: 0
30
a: 55403 b: 25281 c: 8904 d: 0
e: 30122 f: 16377 g: 8904 h: 55403
e: 13745 f: 7473 g: 46499 h: 25281
e: 6272 f: 39026 g: 21218 h: 11536
e: 32754 f: 17808 g: 9682 h: 5264
e: 14946 f: 8126 g: 4418 h: 27490
e: 6820 f: 3708 g: 23072 h: 12544
e: 3112 f: 19364 g: 10528 h: 5724
e: 16252 f: 8836 g: 4804 h: 2612
e: 7416 f: 4032 g: 2192 h: 13640
e: 3384 f: 1840 g: 11448 h: 6224
e: 1544 f: 9608 g: 5224 h: 2840
e: 8064 f: 4384 g: 2384 h: 1296
e: 3680 f: 2000 g: 1088 h: 6768
e: 1680 f: 912 g: 5680 h: 3088
e: 768 f: 4768 g: 2592 h: 1408
e: 4000 f: 2176 g: 1184 h: 640
e: 1824 f: 992 g: 544 h: 3360
e: 832 f: 448 g: 2816 h: 1536
e: 384 f: 2368 g: 1280 h: 704
e: 1984 f: 1088 g: 576 h: 320
e: 896 f: 512 g: 256 h: 1664
e: 384 f: 256 g: 1408 h: 768
e: 128 f: 1152 g: 640 h: 384
e: 1024 f: 512 g: 256 h: 256
e: 512 f: 256 g: 0 h: 768
e: 256 f: 256 g: 768 h: 256
e: 0 f: 512 g: 512 h: 0
e: 512 f: 0 g: 512 h: 0
e: 512 f: 512 g: 512 h: 512
e: 0 f: 0 g: 0 h: 0
31
a: 66012 b: 30122 c: 10609 d: 0
e: 35890 f: 19513 g: 10609 h: 66012
e: 16377 f: 8904 g: 55403 h: 30122
e: 7473 f: 46499 g: 25281 h: 13745
e: 39026 f: 21218 g: 11536 h: 6272
e: 17808 f: 9682 g: 5264 h: 32754
e: 8126 f: 4418 g: 27490 h: 14946
e: 3708 f: 23072 g: 12544 h: 6820
e: 19364 f: 10528 g: 5724 h: 3112
e: 8836 f: 4804 g: 2612 h: 16252
e: 4032 f: 2192 g: 13640 h: 7416
e: 1840 f: 11448 g: 6224 h: 3384
e: 9608 f: 5224 g: 2840 h: 1544
e: 4384 f: 2384 g: 1296 h: 8064
e: 2000 f: 1088 g: 6768 h: 3680
e: 912 f: 5680 g: 3088 h: 1680
e: 4768 f: 2592 g: 1408 h: 768
e: 2176 f: 1184 g: 640 h: 4000
e: 992 f: 544 g: 3360 h: 1824
e: 448 f: 2816 g: 1536 h: 832
e: 2368 f: 1280 g: 704 h: 384
e: 1088 f: 576 g: 320 h: 1984
e: 512 f: 256 g: 1664 h: 896
e: 256 f: 1408 g: 768 h: 384
e: 1152 f: 640 g: 384 h: 128
e: 512 f: 256 g: 256 h: 1024
e: 256 f: 0 g: 768 h: 512
e: 256 f: 768 g: 256 h: 256
e: 512 f: 512 g: 0 h: 0
e: 0 f: 512 g: 0 h: 512
e: 512 f: 512 g: 512 h: 512
e: 0 f: 0 g: 0 h: 0
32
a: 157305 b: 71780 c: 25281 d: 0
e: 85525 f: 46499 g: 25281 h: 157305
e: 39026 f: 21218 g: 132024 h: 71780
e: 17808 f: 110806 g: 60244 h: 32754
e: 92998 f: 50562 g: 27490 h: 14946
e: 42436 f: 23072 g: 12544 h: 78052
e: 19364 f: 10528 g: 65508 h: 35616
e: 8836 f: 54980 g: 29892 h: 16252
e: 46144 f: 25088 g: 13640 h: 7416
e: 21056 f: 11448 g: 6224 h: 38728
e: 9608 f: 5224 g: 32504 h: 17672
e: 4384 f: 27280 g: 14832 h: 8064
e: 22896 f: 12448 g: 6768 h: 3680
e: 10448 f: 5680 g: 3088 h: 19216
e: 4768 f: 2592 g: 16128 h: 8768
e: 2176 f: 13536 g: 7360 h: 4000
e: 11360 f: 6176 g: 3360 h: 1824
e: 5184 f: 2816 g: 1536 h: 9536
e: 2368 f: 1280 g: 8000 h: 4352
e: 1088 f: 6720 g: 3648 h: 1984
e: 5632 f: 3072 g: 1664 h: 896
e: 2560 f: 1408 g: 768 h: 4736
e: 1152 f: 640 g: 3968 h: 2176
e: 512 f: 3328 g: 1792 h: 1024
e: 2816 f: 1536 g: 768 h: 512
e: 1280 f: 768 g: 256 h: 2304
e: 512 f: 512 g: 2048 h: 1024
e: 0 f: 1536 g: 1024 h: 512
e: 1536 f: 512 g: 512 h: 512
e: 1024 f: 0 g: 0 h: 1024
e: 1024 f: 0 g: 1024 h: 0
e: 1024 f: 1024 g: 1024 h: 1024
e: 0 f: 0 g: 0 h: 0
33
a: 187427 b: 85525 c: 30122 d: 0
e: 101902 f: 55403 g: 30122 h: 187427
e: 46499 f: 25281 g: 157305 h: 85525
e: 21218 f: 132024 g: 71780 h: 39026
e: 110806 f: 60244 g: 32754 h: 17808
e: 50562 f: 27490 g: 14946 h: 92998
e: 23072 f: 12544 g: 78052 h: 42436
e: 10528 f: 65508 g: 35616 h: 19364
e: 54980 f: 29892 g: 16252 h: 8836
e: 25088 f: 13640 g: 7416 h: 46144
e: 11448 f: 6224 g: 38728 h: 21056
e: 5224 f: 32504 g: 17672 h: 9608
e: 27280 f: 14832 g: 8064 h: 4384
e: 12448 f: 6768 g: 3680 h: 22896
e: 5680 f: 3088 g: 19216 h: 10448
e: 2592 f: 16128 g: 8768 h: 4768
e: 13536 f: 7360 g: 4000 h: 2176
e: 6176 f: 3360 g: 1824 h: 11360
e: 2816 f: 1536 g: 9536 h: 5184
e: 1280 f: 8000 g: 4352 h: 2368
e: 6720 f: 3648 g: 1984 h: 1088
e: 3072 f: 1664 g: 896 h: 5632
e: 1408 f: 768 g: 4736 h: 2560
e: 640 f: 3968 g: 2176 h: 1152
e: 3328 f: 1792 g: 1024 h: 512
e: 1536 f: 768 g: 512 h: 2816
e: 768 f: 256 g: 2304 h: 1280
e: 512 f: 2048 g: 1024 h: 512
e: 1536 f: 1024 g: 512 h: 0
e: 512 f: 512 g: 512 h: 1536
e: 0 f: 0 g: 1024 h: 1024
e: 0 f: 1024 g: 0 h: 1024
e: 1024 f: 1024 g: 1024 h: 1024
e: 0 f: 0 g: 0 h: 0
34
a: 223317 b: 101902 c: 35890 d: 0
e: 121415 f: 66012 g: 35890 h: 223317
e: 55403 f: 30122 g: 187427 h: 101902
e: 25281 f: 157305 g: 85525 h: 46499
e: 132024 f: 71780 g: 39026 h: 21218
e: 60244 f: 32754 g: 17808 h: 110806
e: 27490 f: 14946 g: 92998 h: 50562
e: 12544 f: 78052 g: 42436 h: 23072
e: 65508 f: 35616 g: 19364 h: 10528
e: 29892 f: 16252 g: 8836 h: 54980
e: 13640 f: 7416 g: 46144 h: 25088
e: 6224 f: 38728 g: 21056 h: 11448
e: 32504 f: 17672 g: 9608 h: 5224
e: 14832 f: 8064 g: 4384 h: 27280
e: 6768 f: 3680 g: 22896 h: 12448
e: 3088 f: 19216 g: 10448 h: 5680
e: 16128 f: 8768 g: 4768 h: 2592
e: 7360 f: 4000 g: 2176 h: 13536
e: 3360 f: 1824 g: 11360 h: 6176
e: 1536 f: 9536 g: 5184 h: 2816
e: 8000 f: 4352 g: 2368 h: 1280
e: 3648 f: 1984 g: 1088 h: 6720
e: 1664 f: 896 g: 5632 h: 3072
e: 768 f: 4736 g: 2560 h: 1408
e: 3968 f: 2176 g: 1152 h: 640
e: 1792 f: 1024 g: 512 h: 3328
e: 768 f: 512 g: 2816 h: 1536
e: 256 f: 2304 g: 1280 h: 768
e: 2048 f: 1024 g: 512 h: 512
e: 1024 f: 512 g: 0 h: 1536
e: 512 f: 512 g: 1536 h: 512
e: 0 f: 1024 g: 1024 h: 0
e: 1024 f: 0 g: 1024 h: 0
e: 1024 f: 1024 g: 1024 h: 1024
e: 0 f: 0 g: 0 h: 0
35
a: 532159 b: 242830 c: 85525 d: 0
e: 289329 f: 157305 g: 85525 h: 532159
e: 132024 f: 71780 g: 446634 h: 242830
e: 60244 f: 374854 g: 203804 h: 110806
e: 314610 f: 171050 g: 92998 h: 50562
e: 143560 f: 78052 g: 42436 h: 264048
e: 65508 f: 35616 g: 221612 h: 120488
e: 29892 f: 185996 g: 101124 h: 54980
e: 156104 f: 84872 g: 46144 h: 25088
e: 71232 f: 38728 g: 21056 h: 131016
e: 32504 f: 17672 g: 109960 h: 59784
e: 14832 f: 92288 g: 50176 h: 27280
e: 77456 f: 42112 g: 22896 h: 12448
e: 35344 f: 19216 g: 10448 h: 65008
e: 16128 f: 8768 g: 54560 h: 29664
e: 7360 f: 45792 g: 24896 h: 13536
e: 38432 f: 20896 g: 11360 h: 6176
e: 17536 f: 9536 g: 5184 h: 32256
e: 8000 f: 4352 g: 27072 h: 14720
e: 3648 f: 22720 g: 12352 h: 6720
e: 19072 f: 10368 g: 5632 h: 3072
e: 8704 f: 4736 g: 2560 h: 16000
e: 3968 f: 2176 g: 13440 h: 7296
e: 1792 f: 11264 g: 6144 h: 3328
e: 9472 f: 5120 g: 2816 h: 1536
e: 4352 f: 2304 g: 1280 h: 7936
e: 2048 f: 1024 g: 6656 h: 3584
e: 1024 f: 5632 g: 3072 h: 1536
e: 4608 f: 2560 g: 1536 h: 512
e: 2048 f: 1024 g: 1024 h: 4096
e: 1024 f: 0 g: 3072 h: 2048
e: 1024 f: 3072 g: 1024 h: 1024
e: 2048 f: 2048 g: 0 h: 0
e: 0 f: 2048 g: 0 h: 2048
e: 2048 f: 2048 g: 2048 h: 2048
e: 0 f: 0 g: 0 h: 0
36
a: 634061 b: 289329 c: 101902 d: 0
e: 344732 f: 187427 g: 101902 h: 634061
e: 157305 f: 85525 g: 532159 h: 289329
e: 71780 f: 446634 g: 242830 h: 132024
e: 374854 f: 203804 g: 110806 h: 60244
e: 171050 f: 92998 g: 50562 h: 314610
e: 78052 f: 42436 g: 264048 h: 143560
e: 35616 f: 221612 g: 120488 h: 65508
e: 185996 f: 101124 g: 54980 h: 29892
e: 84872 f: 46144 g: 25088 h: 156104
e: 38728 f: 21056 g: 131016 h: 71232
e: 17672 f: 109960 g: 59784 h: 32504
e: 92288 f: 50176 g: 27280 h: 14832
e: 42112 f: 22896 g: 12448 h: 77456
e: 19216 f: 10448 g: 65008 h: 35344
e: 8768 f: 54560 g: 29664 h: 16128
e: 45792 f: 24896 g: 13536 h: 7360
e: 20896 f: 11360 g: 6176 h: 38432
e: 9536 f: 5184 g: 32256 h: 17536
e: 4352 f: 27072 g: 14720 h: 8000
e: 22720 f: 12352 g: 6720 h: 3648
e: 10368 f: 5632 g: 3072 h: 19072
e: 4736 f: 2560 g: 16000 h: 8704
e: 2176 f: 13440 g: 7296 h: 3968
e: 11264 f: 6144 g: 3328 h: 1792
e: 5120 f: 2816 g: 1536 h: 9472
e: 2304 f: 1280 g: 7936 h: 4352
e: 1024 f: 6656 g: 3584 h: 2048
e: 5632 f: 3072 g: 1536 h: 1024
e: 2560 f: 1536 g: 512 h: 4608
e: 1024 f: 1024 g: 4096 h: 2048
e: 0 f: 3072 g: 2048 h: 1024
e: 3072 f: 1024 g: 1024 h: 1024
e: 2048 f: 0 g: 0 h: 2048
e: 2048 f: 0 g: 2048 h: 0
e: 2048 f: 2048 g: 2048 h: 2048
e: 0 f: 0 g: 0 h: 0
37
a: 755476 b: 344732 c: 121415 d: 0
e: 410744 f: 223317 g: 121415 h: 755476
e: 187427 f: 101902 g: 634061 h: 344732
e: 85525 f: 532159 g: 289329 h: 157305
e: 446634 f: 242830 g: 132024 h: 71780
e: 203804 f: 110806 g: 60244 h: 374854
e: 92998 f: 50562 g: 314610 h: 171050
e: 42436 f: 264048 g: 143560 h: 78052
e: 221612 f: 120488 g: 65508 h: 35616
e: 101124 f: 54980 g: 29892 h: 185996
e: 46144 f: 25088 g: 156104 h: 84872
e: 21056 f: 131016 g: 71232 h: 38728
e: 109960 f: 59784 g: 32504 h: 17672
e: 50176 f: 27280 g: 14832 h: 92288
e: 22896 f: 12448 g: 77456 h: 42112
e: 10448 f: 65008 g: 35344 h: 19216
e: 54560 f: 29664 g: 16128 h: 8768
e: 24896 f: 13536 g: 7360 h: 45792
e: 11360 f: 6176 g: 38432 h: 20896
e: 5184 f: 32256 g: 17536 h: 9536
e: 27072 f: 14720 g: 8000 h: 4352
e: 12352 f: 6720 g: 3648 h: 22720
e: 5632 f: 3072 g: 19072 h: 10368
e: 2560 f: 16000 g: 8704 h: 4736
e: 13440 f: 7296 g: 3968 h: 2176
e: 6144 f: 3328 g: 1792 h: 11264
e: 2816 f: 1536 g: 9472 h: 5120
e: 1280 f: 7936 g: 4352 h: 2304
e: 6656 f: 3584 g: 2048 h: 1024
e: 3072 f: 1536 g: 1024 h: 5632
e: 1536 f: 512 g: 4608 h: 2560
e: 1024 f: 4096 g: 2048 h: 1024
e: 3072 f: 2048 g: 1024 h: 0
e: 1024 f: 1024 g: 1024 h: 3072
e: 0 f: 0 g: 2048 h: 2048
e: 0 f: 2048 g: 0 h: 2048
e: 2048 f: 2048 g: 2048 h: 2048
e: 0 f: 0 g: 0 h: 0
38
a: 1800281 b: 821488 c: 289329 d: 0
e: 978793 f: 532159 g: 289329 h: 1800281
e: 446634 f: 242830 g: 1510952 h: 821488
e: 203804 f: 1268122 g: 689464 h: 374854
e: 1064318 f: 578658 g: 314610 h: 171050
e: 485660 f: 264048 g: 143560 h: 893268
e: 221612 f: 120488 g: 749708 h: 407608
e: 101124 f: 629220 g: 342100 h: 185996
e: 528096 f: 287120 g: 156104 h: 84872
e: 240976 f: 131016 g: 71232 h: 443224
e: 109960 f: 59784 g: 371992 h: 202248
e: 50176 f: 312208 g: 169744 h: 92288
e: 262032 f: 142464 g: 77456 h: 42112
e: 119568 f: 65008 g: 35344 h: 219920
e: 54560 f: 29664 g: 184576 h: 100352
e: 24896 f: 154912 g: 84224 h: 45792
e: 130016 f: 70688 g: 38432 h: 20896
e: 59328 f: 32256 g: 17536 h: 109120
e: 27072 f: 14720 g: 91584 h: 49792
e: 12352 f: 76864 g: 41792 h: 22720
e: 64512 f: 35072 g: 19072 h: 10368
e: 29440 f: 16000 g: 8704 h: 54144
e: 13440 f: 7296 g: 45440 h: 24704
e: 6144 f: 38144 g: 20736 h: 11264
e: 32000 f: 17408 g: 9472 h: 5120
e: 14592 f: 7936 g: 4352 h: 26880
e: 6656 f: 3584 g: 22528 h: 12288
e: 3072 f: 18944 g: 10240 h: 5632
e: 15872 f: 8704 g: 4608 h: 2560
e: 7168 f: 4096 g: 2048 h: 13312
e: 3072 f: 2048 g: 11264 h: 6144
e: 1024 f: 9216 g: 5120 h: 3072
e: 8192 f: 4096 g: 2048 h: 2048
e: 4096 f: 2048 g: 0 h: 6144
e: 2048 f: 2048 g: 6144 h: 2048
e: 0 f: 4096 g: 4096 h: 0
e: 4096 f: 0 g: 4096 h: 0
e: 4096 f: 4096 g: 4096 h: 4096
e: 0 f: 0 g: 0 h: 0
39
a: 2145013 b: 978793 c: 344732 d: 0
e: 1166220 f: 634061 g: 344732 h: 2145013
e: 532159 f: 289329 g: 1800281 h: 978793
e: 242830 f: 1510952 g: 821488 h: 446634
e: 1268122 f: 689464 g: 374854 h: 203804
e: 578658 f: 314610 g: 171050 h: 1064318
e: 264048 f: 143560 g: 893268 h: 485660
e: 120488 f: 749708 g: 407608 h: 221612
e: 629220 f: 342100 g: 185996 h: 101124
e: 287120 f: 156104 g: 84872 h: 528096
e: 131016 f: 71232 g: 443224 h: 240976
e: 59784 f: 371992 g: 202248 h: 109960
e: 312208 f: 169744 g: 92288 h: 50176
e: 142464 f: 77456 g: 42112 h: 262032
e: 65008 f: 35344 g: 219920 h: 119568
e: 29664 f: 184576 g: 100352 h: 54560
e: 154912 f: 84224 g: 45792 h: 24896
e: 70688 f: 38432 g: 20896 h: 130016
e: 32256 f: 17536 g: 109120 h: 59328
e: 14720 f: 91584 g: 49792 h: 27072
e: 76864 f: 41792 g: 22720 h: 12352
e: 35072 f: 19072 g: 10368 h: 64512
e: 16000 f: 8704 g: 54144 h: 29440
e: 7296 f: 45440 g: 24704 h: 13440
e: 38144 f: 20736 g: 11264 h: 6144
e: 17408 f: 9472 g: 5120 h: 32000
e: 7936 f: 4352 g: 26880 h: 14592
e: 3584 f: 22528 g: 12288 h: 6656
e: 18944 f: 10240 g: 5632 h: 3072
e: 8704 f: 4608 g: 2560 h: 15872
e: 4096 f: 2048 g: 13312 h: 7168
e: 2048 f: 11264 g: 6144 h: 3072
e: 9216 f: 5120 g: 3072 h: 1024
e: 4096 f: 2048 g: 2048 h: 8192
e: 2048 f: 0 g: 6144 h: 4096
e: 2048 f: 6144 g: 2048 h: 2048
e: 4096 f: 4096 g: 0 h: 0
e: 0 f: 4096 g: 0 h: 4096
e: 4096 f: 4096 g: 4096 h: 4096
e: 0 f: 0 g: 0 h: 0
40
a: 2555757 b: 1166220 c: 410744 d: 0
e: 1389537 f: 755476 g: 410744 h: 2555757
e: 634061 f: 344732 g: 2145013 h: 1166220
e: 289329 f: 1800281 g: 978793 h: 532159
e: 1510952 f: 821488 g: 446634 h: 242830
e: 689464 f: 374854 g: 203804 h: 1268122
e: 314610 f: 171050 g: 1064318 h: 578658
e: 143560 f: 893268 g: 485660 h: 264048
e: 749708 f: 407608 g: 221612 h: 120488
e: 342100 f: 185996 g: 101124 h: 629220
e: 156104 f: 84872 g: 528096 h: 287120
e: 71232 f: 443224 g: 240976 h: 131016
e: 371992 f: 202248 g: 109960 h: 59784
e: 169744 f: 92288 g: 50176 h: 312208
e: 77456 f: 42112 g: 262032 h: 142464
e: 35344 f: 219920 g: 119568 h: 65008
e: 184576 f: 100352 g: 54560 h: 29664
e: 84224 f: 45792 g: 24896 h: 154912
e: 38432 f: 20896 g: 130016 h: 70688
e: 17536 f: 109120 g: 59328 h: 32256
e: 91584 f: 49792 g: 27072 h: 14720
e: 41792 f: 22720 g: 12352 h: 76864
e: 19072 f: 10368 g: 64512 h: 35072
e: 8704 f: 54144 g: 29440 h: 16000
e: 45440 f: 24704 g: 13440 h: 7296
e: 20736 f: 11264 g: 6144 h: 38144
e: 9472 f: 5120 g: 32000 h: 17408
e: 4352 f: 26880 g: 14592 h: 7936
e: 22528 f: 12288 g: 6656 h: 3584
e: 10240 f: 5632 g: 3072 h: 18944
e: 4608 f: 2560 g: 15872 h: 8704
e: 2048 f: 13312 g: 7168 h: 4096
e: 11264 f: 6144 g: 3072 h: 2048
e: 5120 f: 3072 g: 1024 h: 9216
e: 2048 f: 2048 g: 8192 h: 4096
e: 0 f: 6144 g: 4096 h: 2048
e: 6144 f: 2048 g: 2048 h: 2048
e: 4096 f: 0 g: 0 h: 4096
e: 4096 f: 0 g: 4096 h: 0
e: 4096 f: 4096 g: 4096 h: 4096
e: 0 f: 0 g: 0 h: 0
41
a: 6090307 b: 2779074 c: 978793 d: 0
e: 3311233 f: 1800281 g: 978793 h: 6090307
e: 1510952 f: 821488 g: 5111514 h: 2779074
e: 689464 f: 4290026 g: 2332440 h: 1268122
e: 3600562 f: 1957586 g: 1064318 h: 578658
e: 1642976 f: 893268 g: 485660 h: 3021904
e: 749708 f: 407608 g: 2536244 h: 1378928
e: 342100 f: 2128636 g: 1157316 h: 629220
e: 1786536 f: 971320 g: 528096 h: 287120
e: 815216 f: 443224 g: 240976 h: 1499416
e: 371992 f: 202248 g: 1258440 h: 684200
e: 169744 f: 1056192 g: 574240 h: 312208
e: 886448 f: 481952 g: 262032 h: 142464
e: 404496 f: 219920 g: 119568 h: 743984
e: 184576 f: 100352 g: 624416 h: 339488
e: 84224 f: 524064 g: 284928 h: 154912
e: 439840 f: 239136 g: 130016 h: 70688
e: 200704 f: 109120 g: 59328 h: 369152
e: 91584 f: 49792 g: 309824 h: 168448
e: 41792 f: 260032 g: 141376 h: 76864
e: 218240 f: 118656 g: 64512 h: 35072
e: 99584 f: 54144 g: 29440 h: 183168
e: 45440 f: 24704 g: 153728 h: 83584
e: 20736 f: 129024 g: 70144 h: 38144
e: 108288 f: 58880 g: 32000 h: 17408
e: 49408 f: 26880 g: 14592 h: 90880
e: 22528 f: 12288 g: 76288 h: 41472
e: 10240 f: 64000 g: 34816 h: 18944
e: 53760 f: 29184 g: 15872 h: 8704
e: 24576 f: 13312 g: 7168 h: 45056
e: 11264 f: 6144 g: 37888 h: 20480
e: 5120 f: 31744 g: 17408 h: 9216
e: 26624 f: 14336 g: 8192 h: 4096
e: 12288 f: 6144 g: 4096 h: 22528
e: 6144 f: 2048 g: 18432 h: 10240
e: 4096 f: 16384 g: 8192 h: 4096
e: 12288 f: 8192 g: 4096 h: 0
e: 4096 f: 4096 g: 4096 h: 12288
e: 0 f: 0 g: 8192 h: 8192
e: 0 f: 8192 g: 0 h: 8192
e: 8192 f: 8192 g: 8192 h: 8192
e: 0 f: 0 g: 0 h: 0
42
a: 7256527 b: 3311233 c: 1166220 d: 0
e: 3945294 f: 2145013 g: 1166220 h: 7256527
e: 1800281 f: 978793 g: 6090307 h: 3311233
e: 821488 f: 5111514 g: 2779074 h: 1510952
e: 4290026 f: 2332440 g: 1268122 h: 689464
e: 1957586 f: 1064318 g: 578658 h: 3600562
e: 893268 f: 485660 g: 3021904 h: 1642976
e: 407608 f: 2536244 g: 1378928 h: 749708
e: 2128636 f: 1157316 g: 629220 h: 342100
e: 971320 f: 528096 g: 287120 h: 1786536
e: 443224 f: 240976 g: 1499416 h: 815216
e: 202248 f: 1258440 g: 684200 h: 371992
e: 1056192 f: 574240 g: 312208 h: 169744
e: 481952 f: 262032 g: 142464 h: 886448
e: 219920 f: 119568 g: 743984 h: 404496
e: 100352 f: 624416 g: 339488 h: 184576
e: 524064 f: 284928 g: 154912 h: 84224
e: 239136 f: 130016 g: 70688 h: 439840
e: 109120 f: 59328 g: 369152 h: 200704
e: 49792 f: 309824 g: 168448 h: 91584
e: 260032 f: 141376 g: 76864 h: 41792
e: 118656 f: 64512 g: 35072 h: 218240
e: 54144 f: 29440 g: 183168 h: 99584
e: 24704 f: 153728 g: 83584 h: 45440
e: 129024 f: 70144 g: 38144 h: 20736
e: 58880 f: 32000 g: 17408 h: 108288
e: 26880 f: 14592 g: 90880 h: 49408
e: 12288 f: 76288 g: 41472 h: 22528
e: 64000 f: 34816 g: 18944 h: 10240
e: 29184 f: 15872 g: 8704 h: 53760
e: 13312 f: 7168 g: 45056 h: 24576
e: 6144 f: 37888 g: 20480 h: 11264
e: 31744 f: 17408 g: 9216 h: 5120
e: 14336 f: 8192 g: 4096 h: 26624
e: 6144 f: 4096 g: 22528 h: 12288
e: 2048 f: 18432 g: 10240 h: 6144
e: 16384 f: 8192 g: 4096 h: 4096
e: 8192 f: 4096 g: 0 h: 12288
e: 4096 f: 4096 g: 12288 h: 4096
e: 0 f: 8192 g: 8192 h: 0
e: 8192 f: 0 g: 8192 h: 0
e: 8192 f: 8192 g: 8192 h: 8192
e: 0 f: 0 g: 0 h: 0
43
a: 8646064 b: 3945294 c: 1389537 d: 0
e: 4700770 f: 2555757 g: 1389537 h: 8646064
e: 2145013 f: 1166220 g: 7256527 h: 3945294
e: 978793 f: 6090307 g: 3311233 h: 1800281
e: 5111514 f: 2779074 g: 1510952 h: 821488
e: 2332440 f: 1268122 g: 689464 h: 4290026
e: 1064318 f: 578658 g: 3600562 h: 1957586
e: 485660 f: 3021904 g: 1642976 h: 893268
e: 2536244 f: 1378928 g: 749708 h: 407608
e: 1157316 f: 629220 g: 342100 h: 2128636
e: 528096 f: 287120 g: 1786536 h: 971320
e: 240976 f: 1499416 g: 815216 h: 443224
e: 1258440 f: 684200 g: 371992 h: 202248
e: 574240 f: 312208 g: 169744 h: 1056192
e: 262032 f: 142464 g: 886448 h: 481952
e: 119568 f: 743984 g: 404496 h: 219920
e: 624416 f: 339488 g: 184576 h: 100352
e: 284928 f: 154912 g: 84224 h: 524064
e: 130016 f: 70688 g: 439840 h: 239136
e: 59328 f: 369152 g: 200704 h: 109120
e: 309824 f: 168448 g: 91584 h: 49792
e: 141376 f: 76864 g: 41792 h: 260032
e: 64512 f: 35072 g: 218240 h: 118656
e: 29440 f: 183168 g: 99584 h: 54144
e: 153728 f: 83584 g: 45440 h: 24704
e: 70144 f: 38144 g: 20736 h: 129024
e: 32000 f: 17408 g: 108288 h: 58880
e: 14592 f: 90880 g: 49408 h: 26880
e: 76288 f: 41472 g: 22528 h: 12288
e: 34816 f: 18944 g: 10240 h: 64000
e: 15872 f: 8704 g: 53760 h: 29184
e: 7168 f: 45056 g: 24576 h: 13312
e: 37888 f: 20480 g: 11264 h: 6144
e: 17408 f: 9216 g: 5120 h: 31744
e: 8192 f: 4096 g: 26624 h: 14336
e: 4096 f: 22528 g: 12288 h: 6144
e: 18432 f: 10240 g: 6144 h: 2048
e: 8192 f: 4096 g: 4096 h: 16384
e: 4096 f: 0 g: 12288 h: 8192
e: 4096 f: 12288 g: 4096 h: 4096
e: 8192 f: 8192 g: 0 h: 0
e: 0 f: 8192 g: 0 h: 8192
e: 8192 f: 8192 g: 8192 h: 8192
e: 0 f: 0 g: 0 h: 0
44
